
Inserted WP Form 1510
Deleted customizer Settings {"theme-auto-version":"3.7.10","is_theme_queue_running":false,"font-size-body":{"desktop":17,"tablet":"","mobile":"","desktop-unit":"px","tablet-unit":"px","mobile-unit":"px"},"body-font-family":"'Barlow Condensed', sans-serif","body-font-weight":"400","headings-font-family":"'Barlow Semi Condensed', sans-serif","headings-font-weight":"500","_astra_pb_compatibility_completed":true}
Deleted - Site Options {"woocommerce_product_attributes":[],"woocommerce_product_cat_list":[],"woocommerce_product_cat":[],"custom_logo":"https:\/\/websitedemos.net\/portfolio-08\/wp-content\/uploads\/sites\/866\/2021\/05\/logo-regular-free-img.png","nav_menu_locations":{"primary":"primary-menu","mobile_menu":"primary-menu"},"show_on_front":"page","page_on_front":"Home","page_for_posts":"","_fl_builder_enabled_icons":null,"_fl_builder_enabled_modules":null,"_fl_builder_post_types":null,"_fl_builder_color_presets":null,"_fl_builder_services":null,"_fl_builder_settings":null,"_fl_builder_user_access":null,"_fl_builder_enabled_templates":null,"elementor_container_width":null,"elementor_cpt_support":null,"elementor_css_print_method":null,"elementor_default_generic_fonts":null,"elementor_disable_color_schemes":null,"elementor_disable_typography_schemes":null,"elementor_editor_break_lines":null,"elementor_exclude_user_roles":null,"elementor_global_image_lightbox":null,"elementor_page_title_selector":null,"elementor_scheme_color":null,"elementor_scheme_color-picker]":null,"elementor_scheme_typography":null,"elementor_space_between_widgets":null,"elementor_stretched_section_container":null,"elementor_load_fa4_shim":null,"elementor_active_kit":null,"woocommerce_shop_page_title":"","woocommerce_cart_page_title":"","woocommerce_checkout_page_title":"","woocommerce_myaccount_page_title":"","woocommerce_edit_address_page_title":"","woocommerce_view_order_page_title":"","woocommerce_change_password_page_title":"","woocommerce_logout_page_title":"","woocommerce_enable_guest_checkout":null,"woocommerce_enable_checkout_login_reminder":null,"woocommerce_enable_signup_and_login_from_checkout":null,"woocommerce_enable_myaccount_registration":null,"woocommerce_registration_generate_username":null,"wpforms_settings":{"disable-css":"2","global-assets":false,"gdpr":false},"learndash_settings_theme_ld30":null,"learndash_settings_courses_themes":null,"astra-color-palettes":{"currentPalette":"palette_1","palettes":{"palette_1":["#009bdf","#009bdf","#000000","#758398","#f6f8fa","#ffffff","#243673","#FBFCFF","#BFD1FF"],"palette_2":["#0274be","#3a3a3a","#3a3a3a","#4B4F58","#ffffff","#f9f9f9","#F2F5F7","#424242","#000000"],"palette_3":["#0274be","#3a3a3a","#3a3a3a","#4B4F58","#ffffff","#f9f9f9","#F2F5F7","#424242","#000000"]},"flag":true},"astra-typography-presets":""}
DELETED - WIDGETS ["search-4","recent-posts-5","recent-comments-5","archives-4","categories-5","meta-4","custom_html-5","nav_menu-11","nav_menu-12","nav_menu-14","search-5","recent-posts-6","recent-comments-6","archives-5","categories-6","meta-5","custom_html-6","nav_menu-13"]
Deleted - Form ID 1510 - wpforms - Contact Form
Deleted - Post ID 411 - attachment - icon-3
Deleted - Post ID 413 - attachment - icon-1
Deleted - Post ID 414 - attachment - icon
Deleted - Post ID 423 - attachment - icon-4
Deleted - Post ID 375 - page - Contact
Deleted - Post ID 388 - nav_menu_item - Web Development
Deleted - Post ID 383 - nav_menu_item - 
Deleted - Post ID 384 - nav_menu_item - 
Deleted - Post ID 385 - nav_menu_item - 
Deleted - Post ID 386 - nav_menu_item - 
Deleted - Post ID 387 - nav_menu_item - UI/UX Design
Deleted - Post ID 382 - nav_menu_item - 
Deleted - Post ID 267 - attachment - bg-06-free-img
Deleted - Post ID 266 - attachment - bg-05-free-img
Deleted - Post ID 265 - attachment - bg-04-free-img
Deleted - Post ID 209 - attachment - portfolio-09-free-img
Deleted - Post ID 52 - attachment - arrow-01-free-img
Deleted - Post ID 359 - page - Services
Deleted - Post ID 366 - page - Portfolio
Deleted - Post ID 345 - page - About
Deleted - Post ID 298 - page - Home
Deleted - Post ID 441 - attachment - social-image
Deleted - Post ID 438 - attachment - icon-7
Deleted - Post ID 424 - attachment - icon-5
Deleted - Post ID 394 - nav_menu_item - LinkedIn
Deleted - Post ID 393 - nav_menu_item - Behance
Deleted - Post ID 392 - nav_menu_item - Dribbble
Deleted - Post ID 65 - attachment - cropped-favicon-free-img.png
Deleted - Post ID 78 - attachment - bg-lines-01-free-img
Deleted - Post ID 207 - attachment - portfolio-07-free-img
Deleted - Post ID 389 - nav_menu_item - App Development
Deleted - Post ID 390 - nav_menu_item - App Development
Deleted - Post ID 391 - nav_menu_item - Instagram
Deleted - Post ID 208 - attachment - portfolio-08-free-img
Deleted - Post ID 264 - attachment - bg-03-free-img
Inserted WP Form 1512